<?xml version="1.0" encoding="UTF-8"?>
<!-- Generated by org.testng.reporters.JUnitReportReporter -->
<testsuite skipped="0" hostname="DESKTOP-3M319LJ" name="QAclickAcademy.AppiumTest" tests="2" failures="0" timestamp="2019-03-31T21:09:42 IST" time="0.008" errors="0">
  <testcase name="AndroidApp" time="0.008" classname="QAclickAcademy.AppiumTest"/>
  <testcase name="NativeApp" time="0.000" classname="QAclickAcademy.AppiumTest"/>
</testsuite> <!-- QAclickAcademy.AppiumTest -->
